c:\users\15061188\documents\visual studio 2017\projects\sudokuui\sudokuui\x64\release\qrc_sudokuui.obj
c:\users\15061188\documents\visual studio 2017\projects\sudokuui\sudokuui\x64\release\sudokuui.obj
c:\users\15061188\documents\visual studio 2017\projects\sudokuui\sudokuui\x64\release\myqlineedit.obj
c:\users\15061188\documents\visual studio 2017\projects\sudokuui\sudokuui\x64\release\main.obj
c:\users\15061188\documents\visual studio 2017\projects\sudokuui\sudokuui\x64\release\genetatenumber.obj
c:\users\15061188\documents\visual studio 2017\projects\sudokuui\sudokuui\x64\release\moc_sudokuui.obj
c:\users\15061188\documents\visual studio 2017\projects\sudokuui\sudokuui\x64\release\moc_myqlineedit.obj
c:\users\15061188\documents\visual studio 2017\projects\sudokuui\sudokuui\generatedfiles\ui_sudokuui.h
c:\users\15061188\documents\visual studio 2017\projects\sudokuui\sudokuui\generatedfiles\release\moc_myqlineedit.cpp
c:\users\15061188\documents\visual studio 2017\projects\sudokuui\sudokuui\generatedfiles\qrc_sudokuui.cpp
c:\users\15061188\documents\visual studio 2017\projects\sudokuui\sudokuui\generatedfiles\ui_getgeneraterequest.h
c:\users\15061188\documents\visual studio 2017\projects\sudokuui\sudokuui\generatedfiles\ui_finishmessage.h
c:\users\15061188\documents\visual studio 2017\projects\sudokuui\sudokuui\generatedfiles\release\moc_sudokuui.cpp
c:\users\15061188\documents\visual studio 2017\projects\sudokuui\sudokuui\generatedfiles\release\moc_genetatenumber.cpp
c:\users\15061188\documents\visual studio 2017\projects\sudokuui\sudokuui\x64\release\sudokuui.tlog\cl.command.1.tlog
c:\users\15061188\documents\visual studio 2017\projects\sudokuui\sudokuui\x64\release\sudokuui.tlog\cl.read.1.tlog
c:\users\15061188\documents\visual studio 2017\projects\sudokuui\sudokuui\x64\release\sudokuui.tlog\cl.write.1.tlog
c:\users\15061188\documents\visual studio 2017\projects\sudokuui\sudokuui\x64\release\sudokuui.tlog\custombuild.command.1.tlog
c:\users\15061188\documents\visual studio 2017\projects\sudokuui\sudokuui\x64\release\sudokuui.tlog\custombuild.read.1.tlog
c:\users\15061188\documents\visual studio 2017\projects\sudokuui\sudokuui\x64\release\sudokuui.tlog\custombuild.write.1.tlog
c:\users\15061188\documents\visual studio 2017\projects\sudokuui\sudokuui\x64\release\sudokuui.tlog\link-cvtres.read.1.tlog
c:\users\15061188\documents\visual studio 2017\projects\sudokuui\sudokuui\x64\release\sudokuui.tlog\link-cvtres.write.1.tlog
c:\users\15061188\documents\visual studio 2017\projects\sudokuui\sudokuui\x64\release\sudokuui.tlog\link-rc.read.1.tlog
c:\users\15061188\documents\visual studio 2017\projects\sudokuui\sudokuui\x64\release\sudokuui.tlog\link-rc.write.1.tlog
c:\users\15061188\documents\visual studio 2017\projects\sudokuui\sudokuui\x64\release\sudokuui.tlog\link.command.1.tlog
c:\users\15061188\documents\visual studio 2017\projects\sudokuui\sudokuui\x64\release\sudokuui.tlog\link.delete.1.tlog
c:\users\15061188\documents\visual studio 2017\projects\sudokuui\sudokuui\x64\release\sudokuui.tlog\link.read.1.tlog
c:\users\15061188\documents\visual studio 2017\projects\sudokuui\sudokuui\x64\release\sudokuui.tlog\link.write.1.tlog
