c:\users\15061188\documents\visual studio 2017\projects\sudokuui\sudokuui\x64\debug\vc141.pdb
c:\users\15061188\documents\visual studio 2017\projects\sudokuui\sudokuui\x64\debug\sudokuui.obj
c:\users\15061188\documents\visual studio 2017\projects\sudokuui\sudokuui\x64\debug\main.obj
c:\users\15061188\documents\visual studio 2017\projects\sudokuui\sudokuui\x64\debug\genetatenumber.obj
c:\users\15061188\documents\visual studio 2017\projects\sudokuui\sudokuui\x64\debug\moc_sudokuui.obj
c:\users\15061188\documents\visual studio 2017\projects\sudokuui\sudokuui\x64\debug\moc_genetatenumber.obj
c:\users\15061188\documents\visual studio 2017\projects\sudokuui\sudokuui\x64\debug\qrc_sudokuui.obj
c:\users\15061188\documents\visual studio 2017\projects\sudokuui\sudokuui\generatedfiles\ui_sudokuui.h
c:\users\15061188\documents\visual studio 2017\projects\sudokuui\sudokuui\generatedfiles\debug\moc_genetatenumber.cpp
c:\users\15061188\documents\visual studio 2017\projects\sudokuui\sudokuui\generatedfiles\qrc_sudokuui.cpp
c:\users\15061188\documents\visual studio 2017\projects\sudokuui\sudokuui\generatedfiles\ui_getgeneraterequest.h
c:\users\15061188\documents\visual studio 2017\projects\sudokuui\sudokuui\generatedfiles\ui_finishmessage.h
c:\users\15061188\documents\visual studio 2017\projects\sudokuui\sudokuui\generatedfiles\debug\moc_sudokuui.cpp
c:\users\15061188\documents\visual studio 2017\projects\sudokuui\x64\debug\sudokuui.exe
c:\users\15061188\documents\visual studio 2017\projects\sudokuui\x64\debug\sudokuui.ilk
c:\users\15061188\documents\visual studio 2017\projects\sudokuui\x64\debug\sudokuui.pdb
c:\users\15061188\documents\visual studio 2017\projects\sudokuui\sudokuui\x64\debug\sudokuui.tlog\cl.command.1.tlog
c:\users\15061188\documents\visual studio 2017\projects\sudokuui\sudokuui\x64\debug\sudokuui.tlog\cl.read.1.tlog
c:\users\15061188\documents\visual studio 2017\projects\sudokuui\sudokuui\x64\debug\sudokuui.tlog\cl.write.1.tlog
c:\users\15061188\documents\visual studio 2017\projects\sudokuui\sudokuui\x64\debug\sudokuui.tlog\custombuild.command.1.tlog
c:\users\15061188\documents\visual studio 2017\projects\sudokuui\sudokuui\x64\debug\sudokuui.tlog\custombuild.read.1.tlog
c:\users\15061188\documents\visual studio 2017\projects\sudokuui\sudokuui\x64\debug\sudokuui.tlog\custombuild.write.1.tlog
c:\users\15061188\documents\visual studio 2017\projects\sudokuui\sudokuui\x64\debug\sudokuui.tlog\link.command.1.tlog
c:\users\15061188\documents\visual studio 2017\projects\sudokuui\sudokuui\x64\debug\sudokuui.tlog\link.read.1.tlog
c:\users\15061188\documents\visual studio 2017\projects\sudokuui\sudokuui\x64\debug\sudokuui.tlog\link.write.1.tlog
